1522221344407	geckodriver	INFO	geckodriver 0.19.1
1522221344411	geckodriver	INFO	Listening on 127.0.0.1:56687
1522221345603	mozrunner::runner	INFO	Running command: "/usr/bin/firefox" "-marionette" "-profile" "/tmp/rust_mozprofile.LczE6BjczHf5"
1522221346040	Marionette	INFO	Enabled via --marionette
1522221346812	Marionette	INFO	Listening on port 44303
1522221346918	Marionette	WARN	TLS certificate errors will be ignored for this session
1522221346957	Marionette	DEBUG	Register listener.js for window 2147483649

(/usr/lib/firefox/firefox:5542): Gdk-WARNING **: /usr/lib/firefox/firefox: Fatal IO error 11 (Resource temporarily unavailable) on X server :1001.


(firefox:5479): Gdk-WARNING **: firefox: Fatal IO error 11 (Resource temporarily unavailable) on X server :1001.

1522221634616	geckodriver	INFO	geckodriver 0.19.1
1522221634630	geckodriver	INFO	Listening on 127.0.0.1:35399
1522221635736	mozrunner::runner	INFO	Running command: "/usr/bin/firefox" "-marionette" "-profile" "/tmp/rust_mozprofile.yfo6KrqXFpkD"
1522221636153	Marionette	INFO	Enabled via --marionette
1522221636895	Marionette	INFO	Listening on port 34667
1522221636946	Marionette	WARN	TLS certificate errors will be ignored for this session
1522221636986	Marionette	DEBUG	Register listener.js for window 2147483649
1522221697830	geckodriver	INFO	geckodriver 0.19.1
1522221697841	geckodriver	INFO	Listening on 127.0.0.1:52663
1522221698960	mozrunner::runner	INFO	Running command: "/usr/bin/firefox" "-marionette" "-profile" "/tmp/rust_mozprofile.R9lq4TyngaWg"
1522221699357	Marionette	INFO	Enabled via --marionette
1522221700136	Marionette	INFO	Listening on port 44305
1522221700177	Marionette	WARN	TLS certificate errors will be ignored for this session
1522221700217	Marionette	DEBUG	Register listener.js for window 2147483649
1522221707014	Marionette	DEBUG	Received DOM event "beforeunload" for "about:blank"
1522221707658	Marionette	DEBUG	Received DOM event "pagehide" for "about:blank"
1522221707658	Marionette	DEBUG	Received DOM event "unload" for "about:blank"
1522221708568	Marionette	DEBUG	Received DOM event "DOMContentLoaded" for "https://www.google.co.in/search?q=trees&source=lnms&tbm=isch&gws_rd=ssl"
1522221709597	Marionette	DEBUG	Received DOM event "pageshow" for "https://www.google.co.in/search?q=trees&source=lnms&tbm=isch&gws_rd=ssl"
1522221717965	Marionette	DEBUG	Canceled page load listener because no navigation has been detected
1522221828914	geckodriver	INFO	geckodriver 0.19.1
1522221828924	geckodriver	INFO	Listening on 127.0.0.1:41801
1522221830032	mozrunner::runner	INFO	Running command: "/usr/bin/firefox" "-marionette" "-profile" "/tmp/rust_mozprofile.JdsuEBKISBC3"
1522221830453	Marionette	INFO	Enabled via --marionette
1522221831176	Marionette	INFO	Listening on port 37909
1522221831243	Marionette	WARN	TLS certificate errors will be ignored for this session
1522221831283	Marionette	DEBUG	Register listener.js for window 2147483649
1522221839217	Marionette	DEBUG	Received DOM event "beforeunload" for "about:blank"
1522221844853	Marionette	DEBUG	Received DOM event "pagehide" for "about:blank"
1522221844854	Marionette	DEBUG	Received DOM event "unload" for "about:blank"
1522221845240	Marionette	DEBUG	Received DOM event "DOMContentLoaded" for "https://www.google.co.in/search?q=trees&source=lnms&tbm=isch&gws_rd=ssl"
1522221846072	Marionette	DEBUG	Received DOM event "pageshow" for "https://www.google.co.in/search?q=trees&source=lnms&tbm=isch&gws_rd=ssl"
1522221854437	Marionette	DEBUG	Canceled page load listener because no navigation has been detected
1522221862285	Marionette	DEBUG	Received DOM event "beforeunload" for "https://www.google.co.in/search?q=trees&source=lnms&tbm=isch&gws_rd=ssl"
1522221862428	Marionette	DEBUG	Received DOM event "pagehide" for "https://www.google.co.in/search?q=trees&source=lnms&tbm=isch&gws_rd=ssl"
1522221862441	Marionette	DEBUG	Received DOM event "unload" for "https://www.google.co.in/search?q=trees&source=lnms&tbm=isch&gws_rd=ssl"
1522221862867	Marionette	DEBUG	Received DOM event "DOMContentLoaded" for "https://www.google.co.in/search?q=trees&source=lnms&tbm=isch"
1522221863791	Marionette	DEBUG	Received DOM event "pageshow" for "https://www.google.co.in/search?q=trees&source=lnms&tbm=isch"
1522221872150	Marionette	DEBUG	Canceled page load listener because no navigation has been detected
1522223705231	geckodriver	INFO	geckodriver 0.19.1
1522223705242	geckodriver	INFO	Listening on 127.0.0.1:41605
1522223706357	mozrunner::runner	INFO	Running command: "/usr/bin/firefox" "-marionette" "-profile" "/tmp/rust_mozprofile.MlsAWugDLTri"
1522223706763	Marionette	INFO	Enabled via --marionette
1522223707555	Marionette	INFO	Listening on port 36217
1522223707571	Marionette	WARN	TLS certificate errors will be ignored for this session
1522223707610	Marionette	DEBUG	Register listener.js for window 2147483649
1522223723281	Marionette	DEBUG	Received DOM event "beforeunload" for "about:blank"
1522223723917	Marionette	DEBUG	Received DOM event "pagehide" for "about:blank"
1522223723918	Marionette	DEBUG	Received DOM event "unload" for "about:blank"
1522223724441	Marionette	DEBUG	Received DOM event "DOMContentLoaded" for "https://www.google.co.in/search?q=trees&source=lnms&tbm=isch&gws_rd=ssl"
1522223725374	Marionette	DEBUG	Received DOM event "pageshow" for "https://www.google.co.in/search?q=trees&source=lnms&tbm=isch&gws_rd=ssl"
1522223733740	Marionette	DEBUG	Canceled page load listener because no navigation has been detected
1522224053174	geckodriver	INFO	geckodriver 0.19.1
1522224053184	geckodriver	INFO	Listening on 127.0.0.1:41813
1522224054293	mozrunner::runner	INFO	Running command: "/usr/bin/firefox" "-marionette" "-profile" "/tmp/rust_mozprofile.dmWU4Icxnsxo"
1522224054698	Marionette	INFO	Enabled via --marionette
1522224055460	Marionette	INFO	Listening on port 37027
1522224055506	Marionette	WARN	TLS certificate errors will be ignored for this session
1522224055546	Marionette	DEBUG	Register listener.js for window 2147483649
1522224062500	Marionette	DEBUG	Received DOM event "beforeunload" for "about:blank"
1522224063163	Marionette	DEBUG	Received DOM event "pagehide" for "about:blank"
1522224063163	Marionette	DEBUG	Received DOM event "unload" for "about:blank"
1522224063829	Marionette	DEBUG	Received DOM event "DOMContentLoaded" for "https://www.google.co.in/search?q=trees&source=lnms&tbm=isch&gws_rd=ssl"
1522224064888	Marionette	DEBUG	Received DOM event "pageshow" for "https://www.google.co.in/search?q=trees&source=lnms&tbm=isch&gws_rd=ssl"
1522224073238	Marionette	DEBUG	Canceled page load listener because no navigation has been detected

(/usr/lib/firefox/firefox:7456): Gdk-WARNING **: /usr/lib/firefox/firefox: Fatal IO error 11 (Resource temporarily unavailable) on X server :1017.


(firefox:7400): Gdk-WARNING **: firefox: Fatal IO error 11 (Resource temporarily unavailable) on X server :1017.

1522225366364	geckodriver	INFO	geckodriver 0.19.1
1522225366374	geckodriver	INFO	Listening on 127.0.0.1:53263
1522225367492	mozrunner::runner	INFO	Running command: "/usr/bin/firefox" "-marionette" "-profile" "/tmp/rust_mozprofile.XmXUuGNjzgFx"
1522225367892	Marionette	INFO	Enabled via --marionette
1522225368623	Marionette	INFO	Listening on port 44979
1522225368697	Marionette	WARN	TLS certificate errors will be ignored for this session
1522225368737	Marionette	DEBUG	Register listener.js for window 2147483649
1522225376279	Marionette	DEBUG	Received DOM event "beforeunload" for "about:blank"
1522225376995	Marionette	DEBUG	Received DOM event "pagehide" for "about:blank"
1522225376996	Marionette	DEBUG	Received DOM event "unload" for "about:blank"
1522225377412	Marionette	DEBUG	Received DOM event "DOMContentLoaded" for "https://www.google.co.in/search?q=trees&source=lnms&tbm=isch&gws_rd=ssl"
1522225378576	Marionette	DEBUG	Received DOM event "pageshow" for "https://www.google.co.in/search?q=trees&source=lnms&tbm=isch&gws_rd=ssl"
1522225386899	Marionette	DEBUG	Canceled page load listener because no navigation has been detected

(/usr/lib/firefox/firefox:7951): Gdk-WARNING **: /usr/lib/firefox/firefox: Fatal IO error 11 (Resource temporarily unavailable) on X server :1017.


(firefox:7892): Gdk-WARNING **: firefox: Fatal IO error 11 (Resource temporarily unavailable) on X server :1017.

1522225474696	geckodriver	INFO	geckodriver 0.19.1
1522225474708	geckodriver	INFO	Listening on 127.0.0.1:51049
1522225475783	mozrunner::runner	INFO	Running command: "/usr/bin/firefox" "-marionette" "-profile" "/tmp/rust_mozprofile.HVV9WNxkQCdp"
1522225476193	Marionette	INFO	Enabled via --marionette
1522225476959	Marionette	INFO	Listening on port 43873
1522225476996	Marionette	WARN	TLS certificate errors will be ignored for this session
1522225477036	Marionette	DEBUG	Register listener.js for window 2147483649
1522225488952	Marionette	DEBUG	Received DOM event "beforeunload" for "about:blank"
1522225489700	Marionette	DEBUG	Received DOM event "pagehide" for "about:blank"
1522225489701	Marionette	DEBUG	Received DOM event "unload" for "about:blank"
1522225490096	Marionette	DEBUG	Received DOM event "DOMContentLoaded" for "https://www.google.co.in/search?q=trees&source=lnms&tbm=isch&gws_rd=ssl"
1522225490855	Marionette	DEBUG	Received DOM event "pageshow" for "https://www.google.co.in/search?q=trees&source=lnms&tbm=isch&gws_rd=ssl"
1522225499178	Marionette	DEBUG	Canceled page load listener because no navigation has been detected

(/usr/lib/firefox/firefox:8218): Gdk-WARNING **: /usr/lib/firefox/firefox: Fatal IO error 11 (Resource temporarily unavailable) on X server :1017.


(firefox:8159): Gdk-WARNING **: firefox: Fatal IO error 11 (Resource temporarily unavailable) on X server :1017.

1522225649679	geckodriver	INFO	geckodriver 0.19.1
1522225649682	geckodriver	INFO	Listening on 127.0.0.1:33861
1522225650799	mozrunner::runner	INFO	Running command: "/usr/bin/firefox" "-marionette" "-profile" "/tmp/rust_mozprofile.HnlgeJ1enWtE"
1522225651194	Marionette	INFO	Enabled via --marionette
1522225651895	Marionette	INFO	Listening on port 42467
1522225651931	Marionette	WARN	TLS certificate errors will be ignored for this session
1522225651970	Marionette	DEBUG	Register listener.js for window 2147483649
1522225665435	Marionette	DEBUG	Received DOM event "beforeunload" for "about:blank"
1522225666065	Marionette	DEBUG	Received DOM event "pagehide" for "about:blank"
1522225666065	Marionette	DEBUG	Received DOM event "unload" for "about:blank"
1522225666681	Marionette	DEBUG	Received DOM event "DOMContentLoaded" for "https://www.google.co.in/search?q=trees&source=lnms&tbm=isch&gws_rd=ssl"
1522225669279	Marionette	DEBUG	Received DOM event "pageshow" for "https://www.google.co.in/search?q=trees&source=lnms&tbm=isch&gws_rd=ssl"
1522225677622	Marionette	DEBUG	Canceled page load listener because no navigation has been detected

(/usr/lib/firefox/firefox:8464): Gdk-WARNING **: /usr/lib/firefox/firefox: Fatal IO error 11 (Resource temporarily unavailable) on X server :1017.


(firefox:8408): Gdk-WARNING **: firefox: Fatal IO error 11 (Resource temporarily unavailable) on X server :1017.

1522225948248	geckodriver	INFO	geckodriver 0.19.1
1522225948259	geckodriver	INFO	Listening on 127.0.0.1:53341
1522225949366	mozrunner::runner	INFO	Running command: "/usr/bin/firefox" "-marionette" "-profile" "/tmp/rust_mozprofile.3TLGGIuz0HXF"
1522225949786	Marionette	INFO	Enabled via --marionette
1522225950516	Marionette	INFO	Listening on port 39543
1522225950571	Marionette	WARN	TLS certificate errors will be ignored for this session
1522225950611	Marionette	DEBUG	Register listener.js for window 2147483649
1522225956667	Marionette	DEBUG	Received DOM event "beforeunload" for "about:blank"
1522225957334	Marionette	DEBUG	Received DOM event "pagehide" for "about:blank"
1522225957335	Marionette	DEBUG	Received DOM event "unload" for "about:blank"
1522225957866	Marionette	DEBUG	Received DOM event "DOMContentLoaded" for "https://www.google.co.in/search?q=trees&source=lnms&tbm=isch&gws_rd=ssl"
1522225958701	Marionette	DEBUG	Received DOM event "pageshow" for "https://www.google.co.in/search?q=trees&source=lnms&tbm=isch&gws_rd=ssl"
1522225967047	Marionette	DEBUG	Canceled page load listener because no navigation has been detected

(/usr/lib/firefox/firefox:8762): Gdk-WARNING **: /usr/lib/firefox/firefox: Fatal IO error 11 (Resource temporarily unavailable) on X server :1017.


(firefox:8704): Gdk-WARNING **: firefox: Fatal IO error 11 (Resource temporarily unavailable) on X server :1017.

1522226154016	geckodriver	INFO	geckodriver 0.19.1
1522226154020	geckodriver	INFO	Listening on 127.0.0.1:57601
1522226155099	mozrunner::runner	INFO	Running command: "/usr/bin/firefox" "-marionette" "-profile" "/tmp/rust_mozprofile.e6VjtA0VWHyU"
1522226155515	Marionette	INFO	Enabled via --marionette
1522226156234	Marionette	INFO	Listening on port 44229
1522226156305	Marionette	WARN	TLS certificate errors will be ignored for this session
1522226156345	Marionette	DEBUG	Register listener.js for window 2147483649
1522226164449	Marionette	DEBUG	Received DOM event "beforeunload" for "about:blank"
1522226165061	Marionette	DEBUG	Received DOM event "pagehide" for "about:blank"
1522226165062	Marionette	DEBUG	Received DOM event "unload" for "about:blank"
1522226165443	Marionette	DEBUG	Received DOM event "DOMContentLoaded" for "https://www.google.co.in/search?q=trees&source=lnms&tbm=isch&gws_rd=ssl"
1522226171227	Marionette	DEBUG	Received DOM event "pageshow" for "https://www.google.co.in/search?q=trees&source=lnms&tbm=isch&gws_rd=ssl"
1522226179594	Marionette	DEBUG	Canceled page load listener because no navigation has been detected
1522226187411	Marionette	DEBUG	Received DOM event "beforeunload" for "https://www.google.co.in/search?q=trees&source=lnms&tbm=isch&gws_rd=ssl"
1522226187578	Marionette	DEBUG	Received DOM event "pagehide" for "https://www.google.co.in/search?q=trees&source=lnms&tbm=isch&gws_rd=ssl"
1522226187593	Marionette	DEBUG	Received DOM event "unload" for "https://www.google.co.in/search?q=trees&source=lnms&tbm=isch&gws_rd=ssl"
1522226187952	Marionette	DEBUG	Received DOM event "DOMContentLoaded" for "https://www.google.co.in/search?q=trees&source=lnms&tbm=isch"
1522226188348	Marionette	DEBUG	Received DOM event "pageshow" for "https://www.google.co.in/search?q=trees&source=lnms&tbm=isch"
1522226196656	Marionette	DEBUG	Canceled page load listener because no navigation has been detected

(/usr/lib/firefox/firefox:9012): Gdk-WARNING **: /usr/lib/firefox/firefox: Fatal IO error 11 (Resource temporarily unavailable) on X server :1017.


(firefox:8953): Gdk-WARNING **: firefox: Fatal IO error 11 (Resource temporarily unavailable) on X server :1017.

1522226798292	geckodriver	INFO	geckodriver 0.19.1
1522226798302	geckodriver	INFO	Listening on 127.0.0.1:46589
1522226799416	mozrunner::runner	INFO	Running command: "/usr/bin/firefox" "-marionette" "-profile" "/tmp/rust_mozprofile.bfJl4HM1sU1E"
1522226799819	Marionette	INFO	Enabled via --marionette
1522226800546	Marionette	INFO	Listening on port 38833
1522226800621	Marionette	WARN	TLS certificate errors will be ignored for this session
1522226800660	Marionette	DEBUG	Register listener.js for window 2147483649
1522226806226	Marionette	DEBUG	Received DOM event "beforeunload" for "about:blank"
1522226808598	Marionette	DEBUG	Received DOM event "pagehide" for "about:blank"
1522226808598	Marionette	DEBUG	Received DOM event "unload" for "about:blank"
1522226809330	Marionette	DEBUG	Received DOM event "DOMContentLoaded" for "https://www.google.co.in/search?q=trees&source=lnms&tbm=isch&gws_rd=ssl"
1522226815414	Marionette	DEBUG	Received DOM event "pageshow" for "https://www.google.co.in/search?q=trees&source=lnms&tbm=isch&gws_rd=ssl"
1522226823775	Marionette	DEBUG	Canceled page load listener because no navigation has been detected
1522226831563	Marionette	DEBUG	Received DOM event "beforeunload" for "https://www.google.co.in/search?q=trees&source=lnms&tbm=isch&gws_rd=ssl"
1522226832024	Marionette	DEBUG	Received DOM event "pagehide" for "https://www.google.co.in/search?q=trees&source=lnms&tbm=isch&gws_rd=ssl"
1522226832039	Marionette	DEBUG	Received DOM event "unload" for "https://www.google.co.in/search?q=trees&source=lnms&tbm=isch&gws_rd=ssl"
1522226834323	Marionette	DEBUG	Received DOM event "DOMContentLoaded" for "https://www.google.co.in/search?q=trees&source=lnms&tbm=isch"
1522226834646	Marionette	DEBUG	Received DOM event "pageshow" for "https://www.google.co.in/search?q=trees&source=lnms&tbm=isch"
1522226842994	Marionette	DEBUG	Canceled page load listener because no navigation has been detected

(/usr/lib/firefox/firefox:9295): Gdk-WARNING **: /usr/lib/firefox/firefox: Fatal IO error 11 (Resource temporarily unavailable) on X server :1017.


(firefox:9238): Gdk-WARNING **: firefox: Fatal IO error 11 (Resource temporarily unavailable) on X server :1017.

1522227553730	geckodriver	INFO	geckodriver 0.19.1
1522227553741	geckodriver	INFO	Listening on 127.0.0.1:48797
1522227554845	mozrunner::runner	INFO	Running command: "/usr/bin/firefox" "-marionette" "-profile" "/tmp/rust_mozprofile.MhZQ787rwgOl"
1522227555255	Marionette	INFO	Enabled via --marionette
1522227556031	Marionette	INFO	Listening on port 39149
1522227556057	Marionette	WARN	TLS certificate errors will be ignored for this session
1522227556096	Marionette	DEBUG	Register listener.js for window 2147483649
1522227561895	Marionette	DEBUG	Received DOM event "beforeunload" for "about:blank"
1522227562510	Marionette	DEBUG	Received DOM event "pagehide" for "about:blank"
1522227562511	Marionette	DEBUG	Received DOM event "unload" for "about:blank"
1522227562935	Marionette	DEBUG	Received DOM event "DOMContentLoaded" for "https://www.google.co.in/search?q=trees&source=lnms&tbm=isch&gws_rd=ssl"
1522227564625	Marionette	DEBUG	Received DOM event "pageshow" for "https://www.google.co.in/search?q=trees&source=lnms&tbm=isch&gws_rd=ssl"
1522227572982	Marionette	DEBUG	Canceled page load listener because no navigation has been detected

(/usr/lib/firefox/firefox:9610): Gdk-WARNING **: /usr/lib/firefox/firefox: Fatal IO error 11 (Resource temporarily unavailable) on X server :1017.


(firefox:9552): Gdk-WARNING **: firefox: Fatal IO error 11 (Resource temporarily unavailable) on X server :1017.

1522227987461	geckodriver	INFO	geckodriver 0.19.1
1522227987473	geckodriver	INFO	Listening on 127.0.0.1:60223
1522227988578	mozrunner::runner	INFO	Running command: "/usr/bin/firefox" "-marionette" "-profile" "/tmp/rust_mozprofile.ZyowAAaYTcxv"
1522227989000	Marionette	INFO	Enabled via --marionette
1522227989761	Marionette	INFO	Listening on port 32953
1522227989795	Marionette	WARN	TLS certificate errors will be ignored for this session
1522227989837	Marionette	DEBUG	Register listener.js for window 2147483649
1522227999504	Marionette	DEBUG	Received DOM event "beforeunload" for "about:blank"
1522228000160	Marionette	DEBUG	Received DOM event "pagehide" for "about:blank"
1522228000161	Marionette	DEBUG	Received DOM event "unload" for "about:blank"
1522228000723	Marionette	DEBUG	Received DOM event "DOMContentLoaded" for "https://www.google.co.in/search?q=trees&source=lnms&tbm=isch&gws_rd=ssl"
1522228001614	Marionette	DEBUG	Received DOM event "pageshow" for "https://www.google.co.in/search?q=trees&source=lnms&tbm=isch&gws_rd=ssl"
1522228009924	Marionette	DEBUG	Canceled page load listener because no navigation has been detected

(/usr/lib/firefox/firefox:9978): Gdk-WARNING **: /usr/lib/firefox/firefox: Fatal IO error 11 (Resource temporarily unavailable) on X server :1017.

1522228091376	geckodriver	INFO	geckodriver 0.19.1
1522228091381	geckodriver	INFO	Listening on 127.0.0.1:36283
1522228092492	mozrunner::runner	INFO	Running command: "/usr/bin/firefox" "-marionette" "-profile" "/tmp/rust_mozprofile.K8540xxOtbGV"
1522228092926	Marionette	INFO	Enabled via --marionette
1522228093664	Marionette	INFO	Listening on port 34439
1522228093700	Marionette	WARN	TLS certificate errors will be ignored for this session
1522228093739	Marionette	DEBUG	Register listener.js for window 2147483649
1522228099349	Marionette	DEBUG	Received DOM event "beforeunload" for "about:blank"
1522228099990	Marionette	DEBUG	Received DOM event "pagehide" for "about:blank"
1522228099991	Marionette	DEBUG	Received DOM event "unload" for "about:blank"
1522228100371	Marionette	DEBUG	Received DOM event "DOMContentLoaded" for "https://www.google.co.in/search?q=trees&source=lnms&tbm=isch&gws_rd=ssl"
1522228101427	Marionette	DEBUG	Received DOM event "pageshow" for "https://www.google.co.in/search?q=trees&source=lnms&tbm=isch&gws_rd=ssl"
1522228109800	Marionette	DEBUG	Canceled page load listener because no navigation has been detected

(/usr/lib/firefox/firefox:10217): Gdk-WARNING **: /usr/lib/firefox/firefox: Fatal IO error 11 (Resource temporarily unavailable) on X server :1017.


(firefox:10161): Gdk-WARNING **: firefox: Fatal IO error 11 (Resource temporarily unavailable) on X server :1017.

1522228171226	geckodriver	INFO	geckodriver 0.19.1
1522228171229	geckodriver	INFO	Listening on 127.0.0.1:32871
1522228172339	mozrunner::runner	INFO	Running command: "/usr/bin/firefox" "-marionette" "-profile" "/tmp/rust_mozprofile.y71seTABzX6P"
1522228172741	Marionette	INFO	Enabled via --marionette
1522228173513	Marionette	INFO	Listening on port 42977
1522228173550	Marionette	WARN	TLS certificate errors will be ignored for this session
1522228173589	Marionette	DEBUG	Register listener.js for window 2147483649
1522228179256	Marionette	DEBUG	Received DOM event "beforeunload" for "about:blank"
1522228179890	Marionette	DEBUG	Received DOM event "pagehide" for "about:blank"
1522228179891	Marionette	DEBUG	Received DOM event "unload" for "about:blank"
1522228180392	Marionette	DEBUG	Received DOM event "DOMContentLoaded" for "https://www.google.co.in/search?q=trees&source=lnms&tbm=isch&gws_rd=ssl"
1522228181301	Marionette	DEBUG	Received DOM event "pageshow" for "https://www.google.co.in/search?q=trees&source=lnms&tbm=isch&gws_rd=ssl"
1522228189648	Marionette	DEBUG	Canceled page load listener because no navigation has been detected
